2017-08-27 13:05:20 INFO  AStarAlgorithmParallel:233 - Starting A* search. Parallel threads = 2
2017-08-27 13:05:20 INFO  Metrics:152 - Metrics.setAlgorithmTypeUsed() is invoked. Algorithm  = A*
2017-08-27 13:05:20 INFO  AStarAlgorithmParallel:46 - Found new best schedule. Cost = 33
2017-08-27 13:05:20 INFO  AStarAlgorithmParallel:162 - Start thread. Id = 1
2017-08-27 13:05:20 INFO  AStarAlgorithmParallel:162 - Start thread. Id = 2
2017-08-27 13:05:20 INFO  AStarAlgorithmParallel:46 - Found new best schedule. Cost = 28
2017-08-27 13:05:20 INFO  AStarAlgorithmParallel:240 - Finished A* search. Optimal schedule length = 28
2017-08-27 13:05:20 INFO  TaskScheduler:123 - Time = 28
2017-08-27 13:05:20 INFO  AStarAlgorithmParallel:233 - Starting A* search. Parallel threads = 2
2017-08-27 13:05:20 INFO  Metrics:152 - Metrics.setAlgorithmTypeUsed() is invoked. Algorithm  = A*
2017-08-27 13:05:20 INFO  AStarAlgorithmParallel:46 - Found new best schedule. Cost = 590
2017-08-27 13:05:20 INFO  AStarAlgorithmParallel:162 - Start thread. Id = 4
2017-08-27 13:05:20 INFO  AStarAlgorithmParallel:162 - Start thread. Id = 3
2017-08-27 13:05:20 INFO  AStarAlgorithmParallel:46 - Found new best schedule. Cost = 581
2017-08-27 13:05:20 INFO  AStarAlgorithmParallel:46 - Found new best schedule. Cost = 581
2017-08-27 13:05:20 INFO  AStarAlgorithmParallel:240 - Finished A* search. Optimal schedule length = 581
2017-08-27 13:05:20 INFO  TaskScheduler:123 - Time = 581
2017-08-27 13:05:20 INFO  AStarAlgorithmParallel:233 - Starting A* search. Parallel threads = 2
2017-08-27 13:05:20 INFO  Metrics:152 - Metrics.setAlgorithmTypeUsed() is invoked. Algorithm  = A*
2017-08-27 13:05:20 INFO  AStarAlgorithmParallel:46 - Found new best schedule. Cost = 55
2017-08-27 13:05:20 INFO  AStarAlgorithmParallel:162 - Start thread. Id = 5
2017-08-27 13:05:20 INFO  AStarAlgorithmParallel:162 - Start thread. Id = 6
2017-08-27 13:05:20 INFO  AStarAlgorithmParallel:240 - Finished A* search. Optimal schedule length = 55
2017-08-27 13:05:20 INFO  TaskScheduler:123 - Time = 55
2017-08-27 13:05:20 INFO  AStarAlgorithmParallel:233 - Starting A* search. Parallel threads = 2
2017-08-27 13:05:20 INFO  Metrics:152 - Metrics.setAlgorithmTypeUsed() is invoked. Algorithm  = A*
2017-08-27 13:05:20 INFO  AStarAlgorithmParallel:46 - Found new best schedule. Cost = 111
2017-08-27 13:05:20 INFO  AStarAlgorithmParallel:162 - Start thread. Id = 7
2017-08-27 13:05:20 INFO  AStarAlgorithmParallel:162 - Start thread. Id = 8
2017-08-27 13:05:20 INFO  AStarAlgorithmParallel:46 - Found new best schedule. Cost = 50
2017-08-27 13:05:20 INFO  AStarAlgorithmParallel:240 - Finished A* search. Optimal schedule length = 50
2017-08-27 13:05:20 INFO  TaskScheduler:123 - Time = 50
2017-08-27 13:05:20 INFO  AStarAlgorithmParallel:233 - Starting A* search. Parallel threads = 2
2017-08-27 13:05:20 INFO  Metrics:152 - Metrics.setAlgorithmTypeUsed() is invoked. Algorithm  = A*
2017-08-27 13:05:20 INFO  AStarAlgorithmParallel:46 - Found new best schedule. Cost = 350
2017-08-27 13:05:20 INFO  AStarAlgorithmParallel:162 - Start thread. Id = 9
2017-08-27 13:05:20 INFO  AStarAlgorithmParallel:162 - Start thread. Id = 10
2017-08-27 13:05:20 INFO  AStarAlgorithmParallel:240 - Finished A* search. Optimal schedule length = 350
2017-08-27 13:05:20 INFO  TaskScheduler:123 - Time = 350
2017-08-27 13:05:20 INFO  AStarAlgorithmParallel:233 - Starting A* search. Parallel threads = 2
2017-08-27 13:05:20 INFO  Metrics:152 - Metrics.setAlgorithmTypeUsed() is invoked. Algorithm  = A*
2017-08-27 13:05:20 INFO  AStarAlgorithmParallel:46 - Found new best schedule. Cost = 480
2017-08-27 13:05:20 INFO  AStarAlgorithmParallel:162 - Start thread. Id = 11
2017-08-27 13:05:20 INFO  AStarAlgorithmParallel:162 - Start thread. Id = 12
2017-08-27 13:05:21 INFO  AStarAlgorithmParallel:46 - Found new best schedule. Cost = 420
2017-08-27 13:05:21 INFO  AStarAlgorithmParallel:240 - Finished A* search. Optimal schedule length = 420
2017-08-27 13:05:21 INFO  TaskScheduler:123 - Time = 420
2017-08-27 13:05:21 ERROR TaskScheduler:58 - Unable to find file test_10_no_nodes_links.dot
2017-08-27 13:05:53 INFO  AStarAlgorithmParallel:233 - Starting A* search. Parallel threads = 2
2017-08-27 13:05:53 INFO  Metrics:152 - Metrics.setAlgorithmTypeUsed() is invoked. Algorithm  = A*
2017-08-27 13:05:53 INFO  AStarAlgorithmParallel:46 - Found new best schedule. Cost = 33
2017-08-27 13:05:53 INFO  AStarAlgorithmParallel:162 - Start thread. Id = 1
2017-08-27 13:05:53 INFO  AStarAlgorithmParallel:162 - Start thread. Id = 2
2017-08-27 13:05:53 INFO  AStarAlgorithmParallel:46 - Found new best schedule. Cost = 28
2017-08-27 13:05:53 INFO  AStarAlgorithmParallel:240 - Finished A* search. Optimal schedule length = 28
2017-08-27 13:05:54 INFO  TaskScheduler:123 - Time = 28
2017-08-27 13:05:54 INFO  AStarAlgorithmParallel:233 - Starting A* search. Parallel threads = 2
2017-08-27 13:05:54 INFO  Metrics:152 - Metrics.setAlgorithmTypeUsed() is invoked. Algorithm  = A*
2017-08-27 13:05:54 INFO  AStarAlgorithmParallel:46 - Found new best schedule. Cost = 590
2017-08-27 13:05:54 INFO  AStarAlgorithmParallel:162 - Start thread. Id = 3
2017-08-27 13:05:54 INFO  AStarAlgorithmParallel:46 - Found new best schedule. Cost = 581
2017-08-27 13:05:54 INFO  AStarAlgorithmParallel:162 - Start thread. Id = 4
2017-08-27 13:05:54 INFO  AStarAlgorithmParallel:240 - Finished A* search. Optimal schedule length = 581
2017-08-27 13:05:54 INFO  TaskScheduler:123 - Time = 581
2017-08-27 13:05:54 INFO  AStarAlgorithmParallel:233 - Starting A* search. Parallel threads = 2
2017-08-27 13:05:54 INFO  Metrics:152 - Metrics.setAlgorithmTypeUsed() is invoked. Algorithm  = A*
2017-08-27 13:05:54 INFO  AStarAlgorithmParallel:46 - Found new best schedule. Cost = 55
2017-08-27 13:05:54 INFO  AStarAlgorithmParallel:162 - Start thread. Id = 5
2017-08-27 13:05:54 INFO  AStarAlgorithmParallel:162 - Start thread. Id = 6
2017-08-27 13:05:54 INFO  AStarAlgorithmParallel:240 - Finished A* search. Optimal schedule length = 55
2017-08-27 13:05:54 INFO  TaskScheduler:123 - Time = 55
2017-08-27 13:05:54 INFO  AStarAlgorithmParallel:233 - Starting A* search. Parallel threads = 2
2017-08-27 13:05:54 INFO  Metrics:152 - Metrics.setAlgorithmTypeUsed() is invoked. Algorithm  = A*
2017-08-27 13:05:54 INFO  AStarAlgorithmParallel:46 - Found new best schedule. Cost = 111
2017-08-27 13:05:54 INFO  AStarAlgorithmParallel:162 - Start thread. Id = 8
2017-08-27 13:05:54 INFO  AStarAlgorithmParallel:46 - Found new best schedule. Cost = 50
2017-08-27 13:05:54 INFO  AStarAlgorithmParallel:162 - Start thread. Id = 7
2017-08-27 13:05:54 INFO  AStarAlgorithmParallel:240 - Finished A* search. Optimal schedule length = 50
2017-08-27 13:05:54 INFO  TaskScheduler:123 - Time = 50
2017-08-27 13:05:54 INFO  AStarAlgorithmParallel:233 - Starting A* search. Parallel threads = 2
2017-08-27 13:05:54 INFO  Metrics:152 - Metrics.setAlgorithmTypeUsed() is invoked. Algorithm  = A*
2017-08-27 13:05:54 INFO  AStarAlgorithmParallel:46 - Found new best schedule. Cost = 350
2017-08-27 13:05:54 INFO  AStarAlgorithmParallel:162 - Start thread. Id = 9
2017-08-27 13:05:54 INFO  AStarAlgorithmParallel:162 - Start thread. Id = 10
2017-08-27 13:05:54 INFO  AStarAlgorithmParallel:240 - Finished A* search. Optimal schedule length = 350
2017-08-27 13:05:54 INFO  TaskScheduler:123 - Time = 350
2017-08-27 13:05:54 INFO  AStarAlgorithmParallel:233 - Starting A* search. Parallel threads = 2
2017-08-27 13:05:54 INFO  Metrics:152 - Metrics.setAlgorithmTypeUsed() is invoked. Algorithm  = A*
2017-08-27 13:05:54 INFO  AStarAlgorithmParallel:46 - Found new best schedule. Cost = 480
2017-08-27 13:05:55 INFO  AStarAlgorithmParallel:162 - Start thread. Id = 11
2017-08-27 13:05:55 INFO  AStarAlgorithmParallel:162 - Start thread. Id = 12
2017-08-27 13:05:55 INFO  AStarAlgorithmParallel:46 - Found new best schedule. Cost = 420
2017-08-27 13:05:55 INFO  AStarAlgorithmParallel:240 - Finished A* search. Optimal schedule length = 420
2017-08-27 13:05:55 INFO  TaskScheduler:123 - Time = 420
2017-08-27 13:06:51 INFO  AStarAlgorithmParallel:233 - Starting A* search. Parallel threads = 2
2017-08-27 13:06:51 INFO  Metrics:152 - Metrics.setAlgorithmTypeUsed() is invoked. Algorithm  = A*
2017-08-27 13:06:51 INFO  AStarAlgorithmParallel:46 - Found new best schedule. Cost = 33
2017-08-27 13:06:51 INFO  AStarAlgorithmParallel:162 - Start thread. Id = 1
2017-08-27 13:06:51 INFO  AStarAlgorithmParallel:162 - Start thread. Id = 2
2017-08-27 13:06:51 INFO  AStarAlgorithmParallel:46 - Found new best schedule. Cost = 28
2017-08-27 13:06:51 INFO  AStarAlgorithmParallel:240 - Finished A* search. Optimal schedule length = 28
2017-08-27 13:06:51 INFO  TaskScheduler:123 - Time = 28
2017-08-27 13:06:51 INFO  AStarAlgorithmParallel:233 - Starting A* search. Parallel threads = 2
2017-08-27 13:06:51 INFO  Metrics:152 - Metrics.setAlgorithmTypeUsed() is invoked. Algorithm  = A*
2017-08-27 13:06:51 INFO  AStarAlgorithmParallel:46 - Found new best schedule. Cost = 590
2017-08-27 13:06:51 INFO  AStarAlgorithmParallel:162 - Start thread. Id = 3
2017-08-27 13:06:51 INFO  AStarAlgorithmParallel:162 - Start thread. Id = 4
2017-08-27 13:06:51 INFO  AStarAlgorithmParallel:46 - Found new best schedule. Cost = 581
2017-08-27 13:06:51 INFO  AStarAlgorithmParallel:46 - Found new best schedule. Cost = 581
2017-08-27 13:06:51 INFO  AStarAlgorithmParallel:240 - Finished A* search. Optimal schedule length = 581
2017-08-27 13:06:51 INFO  TaskScheduler:123 - Time = 581
2017-08-27 13:06:51 INFO  AStarAlgorithmParallel:233 - Starting A* search. Parallel threads = 2
2017-08-27 13:06:51 INFO  Metrics:152 - Metrics.setAlgorithmTypeUsed() is invoked. Algorithm  = A*
2017-08-27 13:06:51 INFO  AStarAlgorithmParallel:46 - Found new best schedule. Cost = 55
2017-08-27 13:06:51 INFO  AStarAlgorithmParallel:162 - Start thread. Id = 5
2017-08-27 13:06:51 INFO  AStarAlgorithmParallel:162 - Start thread. Id = 6
2017-08-27 13:06:51 INFO  AStarAlgorithmParallel:240 - Finished A* search. Optimal schedule length = 55
2017-08-27 13:06:51 INFO  TaskScheduler:123 - Time = 55
2017-08-27 13:06:51 INFO  AStarAlgorithmParallel:233 - Starting A* search. Parallel threads = 2
2017-08-27 13:06:51 INFO  Metrics:152 - Metrics.setAlgorithmTypeUsed() is invoked. Algorithm  = A*
2017-08-27 13:06:51 INFO  AStarAlgorithmParallel:46 - Found new best schedule. Cost = 111
2017-08-27 13:06:51 INFO  AStarAlgorithmParallel:162 - Start thread. Id = 7
2017-08-27 13:06:51 INFO  AStarAlgorithmParallel:162 - Start thread. Id = 8
2017-08-27 13:06:51 INFO  AStarAlgorithmParallel:46 - Found new best schedule. Cost = 50
2017-08-27 13:06:51 INFO  AStarAlgorithmParallel:240 - Finished A* search. Optimal schedule length = 50
2017-08-27 13:06:51 INFO  TaskScheduler:123 - Time = 50
2017-08-27 13:06:51 INFO  AStarAlgorithmParallel:233 - Starting A* search. Parallel threads = 2
2017-08-27 13:06:51 INFO  Metrics:152 - Metrics.setAlgorithmTypeUsed() is invoked. Algorithm  = A*
2017-08-27 13:06:51 INFO  AStarAlgorithmParallel:46 - Found new best schedule. Cost = 350
2017-08-27 13:06:51 INFO  AStarAlgorithmParallel:162 - Start thread. Id = 10
2017-08-27 13:06:51 INFO  AStarAlgorithmParallel:162 - Start thread. Id = 9
2017-08-27 13:06:51 INFO  AStarAlgorithmParallel:240 - Finished A* search. Optimal schedule length = 350
2017-08-27 13:06:51 INFO  TaskScheduler:123 - Time = 350
2017-08-27 13:06:51 INFO  AStarAlgorithmParallel:233 - Starting A* search. Parallel threads = 2
2017-08-27 13:06:51 INFO  Metrics:152 - Metrics.setAlgorithmTypeUsed() is invoked. Algorithm  = A*
2017-08-27 13:06:51 INFO  AStarAlgorithmParallel:46 - Found new best schedule. Cost = 480
2017-08-27 13:06:51 INFO  AStarAlgorithmParallel:162 - Start thread. Id = 11
2017-08-27 13:06:51 INFO  AStarAlgorithmParallel:162 - Start thread. Id = 12
2017-08-27 13:06:51 INFO  AStarAlgorithmParallel:46 - Found new best schedule. Cost = 420
2017-08-27 13:06:51 INFO  AStarAlgorithmParallel:240 - Finished A* search. Optimal schedule length = 420
2017-08-27 13:06:51 INFO  TaskScheduler:123 - Time = 420
2017-08-27 13:07:40 INFO  AStarAlgorithmParallel:233 - Starting A* search. Parallel threads = 2
2017-08-27 13:07:40 INFO  Metrics:152 - Metrics.setAlgorithmTypeUsed() is invoked. Algorithm  = A*
2017-08-27 13:07:40 INFO  AStarAlgorithmParallel:46 - Found new best schedule. Cost = 33
2017-08-27 13:07:40 INFO  AStarAlgorithmParallel:162 - Start thread. Id = 1
2017-08-27 13:07:40 INFO  AStarAlgorithmParallel:162 - Start thread. Id = 2
2017-08-27 13:07:40 INFO  AStarAlgorithmParallel:46 - Found new best schedule. Cost = 28
2017-08-27 13:07:40 INFO  AStarAlgorithmParallel:240 - Finished A* search. Optimal schedule length = 28
2017-08-27 13:07:40 INFO  TaskScheduler:123 - Time = 28
2017-08-27 13:07:41 INFO  AStarAlgorithmParallel:233 - Starting A* search. Parallel threads = 2
2017-08-27 13:07:41 INFO  Metrics:152 - Metrics.setAlgorithmTypeUsed() is invoked. Algorithm  = A*
2017-08-27 13:07:41 INFO  AStarAlgorithmParallel:46 - Found new best schedule. Cost = 590
2017-08-27 13:07:41 INFO  AStarAlgorithmParallel:162 - Start thread. Id = 3
2017-08-27 13:07:41 INFO  AStarAlgorithmParallel:162 - Start thread. Id = 4
2017-08-27 13:07:41 INFO  AStarAlgorithmParallel:46 - Found new best schedule. Cost = 581
2017-08-27 13:07:41 INFO  AStarAlgorithmParallel:46 - Found new best schedule. Cost = 581
2017-08-27 13:07:41 INFO  AStarAlgorithmParallel:240 - Finished A* search. Optimal schedule length = 581
2017-08-27 13:07:41 INFO  TaskScheduler:123 - Time = 581
2017-08-27 13:07:41 INFO  AStarAlgorithmParallel:233 - Starting A* search. Parallel threads = 2
2017-08-27 13:07:41 INFO  Metrics:152 - Metrics.setAlgorithmTypeUsed() is invoked. Algorithm  = A*
2017-08-27 13:07:41 INFO  AStarAlgorithmParallel:46 - Found new best schedule. Cost = 55
2017-08-27 13:07:41 INFO  AStarAlgorithmParallel:162 - Start thread. Id = 5
2017-08-27 13:07:41 INFO  AStarAlgorithmParallel:162 - Start thread. Id = 6
2017-08-27 13:07:41 INFO  AStarAlgorithmParallel:240 - Finished A* search. Optimal schedule length = 55
2017-08-27 13:07:41 INFO  TaskScheduler:123 - Time = 55
2017-08-27 13:07:41 INFO  AStarAlgorithmParallel:233 - Starting A* search. Parallel threads = 2
2017-08-27 13:07:41 INFO  Metrics:152 - Metrics.setAlgorithmTypeUsed() is invoked. Algorithm  = A*
2017-08-27 13:07:41 INFO  AStarAlgorithmParallel:46 - Found new best schedule. Cost = 111
2017-08-27 13:07:41 INFO  AStarAlgorithmParallel:162 - Start thread. Id = 7
2017-08-27 13:07:41 INFO  AStarAlgorithmParallel:162 - Start thread. Id = 8
2017-08-27 13:07:41 INFO  AStarAlgorithmParallel:46 - Found new best schedule. Cost = 50
2017-08-27 13:07:41 INFO  AStarAlgorithmParallel:46 - Found new best schedule. Cost = 50
2017-08-27 13:07:41 INFO  AStarAlgorithmParallel:240 - Finished A* search. Optimal schedule length = 50
2017-08-27 13:07:41 INFO  TaskScheduler:123 - Time = 50
2017-08-27 13:07:41 INFO  AStarAlgorithmParallel:233 - Starting A* search. Parallel threads = 2
2017-08-27 13:07:41 INFO  Metrics:152 - Metrics.setAlgorithmTypeUsed() is invoked. Algorithm  = A*
2017-08-27 13:07:41 INFO  AStarAlgorithmParallel:46 - Found new best schedule. Cost = 350
2017-08-27 13:07:41 INFO  AStarAlgorithmParallel:162 - Start thread. Id = 9
2017-08-27 13:07:41 INFO  AStarAlgorithmParallel:162 - Start thread. Id = 10
2017-08-27 13:07:41 INFO  AStarAlgorithmParallel:240 - Finished A* search. Optimal schedule length = 350
2017-08-27 13:07:41 INFO  TaskScheduler:123 - Time = 350
2017-08-27 13:07:41 INFO  AStarAlgorithmParallel:233 - Starting A* search. Parallel threads = 2
2017-08-27 13:07:41 INFO  Metrics:152 - Metrics.setAlgorithmTypeUsed() is invoked. Algorithm  = A*
2017-08-27 13:07:41 INFO  AStarAlgorithmParallel:46 - Found new best schedule. Cost = 480
2017-08-27 13:07:41 INFO  AStarAlgorithmParallel:162 - Start thread. Id = 11
2017-08-27 13:07:41 INFO  AStarAlgorithmParallel:162 - Start thread. Id = 12
2017-08-27 13:07:42 INFO  AStarAlgorithmParallel:46 - Found new best schedule. Cost = 420
2017-08-27 13:07:42 INFO  AStarAlgorithmParallel:240 - Finished A* search. Optimal schedule length = 420
2017-08-27 13:07:42 INFO  TaskScheduler:123 - Time = 420
2017-08-27 13:07:42 INFO  AStarAlgorithmParallel:233 - Starting A* search. Parallel threads = 2
2017-08-27 13:07:42 INFO  Metrics:152 - Metrics.setAlgorithmTypeUsed() is invoked. Algorithm  = A*
2017-08-27 13:07:42 INFO  AStarAlgorithmParallel:46 - Found new best schedule. Cost = 106
2017-08-27 13:07:42 INFO  AStarAlgorithmParallel:162 - Start thread. Id = 13
2017-08-27 13:07:42 INFO  AStarAlgorithmParallel:46 - Found new best schedule. Cost = 101
2017-08-27 13:07:42 INFO  AStarAlgorithmParallel:162 - Start thread. Id = 14
2017-08-27 13:07:42 INFO  AStarAlgorithmParallel:240 - Finished A* search. Optimal schedule length = 101
2017-08-27 13:07:42 INFO  TaskScheduler:123 - Time = 101
2017-08-27 13:09:08 INFO  AStarAlgorithmParallel:233 - Starting A* search. Parallel threads = 2
2017-08-27 13:09:08 INFO  Metrics:152 - Metrics.setAlgorithmTypeUsed() is invoked. Algorithm  = A*
2017-08-27 13:09:08 INFO  AStarAlgorithmParallel:46 - Found new best schedule. Cost = 33
2017-08-27 13:09:08 INFO  AStarAlgorithmParallel:162 - Start thread. Id = 2
2017-08-27 13:09:08 INFO  AStarAlgorithmParallel:162 - Start thread. Id = 1
2017-08-27 13:09:08 INFO  AStarAlgorithmParallel:46 - Found new best schedule. Cost = 28
2017-08-27 13:09:08 INFO  AStarAlgorithmParallel:240 - Finished A* search. Optimal schedule length = 28
2017-08-27 13:09:08 INFO  TaskScheduler:123 - Time = 28
2017-08-27 13:09:08 INFO  AStarAlgorithmParallel:233 - Starting A* search. Parallel threads = 2
2017-08-27 13:09:08 INFO  Metrics:152 - Metrics.setAlgorithmTypeUsed() is invoked. Algorithm  = A*
2017-08-27 13:09:08 INFO  AStarAlgorithmParallel:46 - Found new best schedule. Cost = 590
2017-08-27 13:09:08 INFO  AStarAlgorithmParallel:162 - Start thread. Id = 3
2017-08-27 13:09:08 INFO  AStarAlgorithmParallel:162 - Start thread. Id = 4
2017-08-27 13:09:08 INFO  AStarAlgorithmParallel:46 - Found new best schedule. Cost = 581
2017-08-27 13:09:08 INFO  AStarAlgorithmParallel:46 - Found new best schedule. Cost = 581
2017-08-27 13:09:08 INFO  AStarAlgorithmParallel:240 - Finished A* search. Optimal schedule length = 581
2017-08-27 13:09:08 INFO  TaskScheduler:123 - Time = 581
2017-08-27 13:09:08 INFO  AStarAlgorithmParallel:233 - Starting A* search. Parallel threads = 2
2017-08-27 13:09:08 INFO  Metrics:152 - Metrics.setAlgorithmTypeUsed() is invoked. Algorithm  = A*
2017-08-27 13:09:08 INFO  AStarAlgorithmParallel:46 - Found new best schedule. Cost = 55
2017-08-27 13:09:08 INFO  AStarAlgorithmParallel:162 - Start thread. Id = 5
2017-08-27 13:09:08 INFO  AStarAlgorithmParallel:162 - Start thread. Id = 6
2017-08-27 13:09:08 INFO  AStarAlgorithmParallel:240 - Finished A* search. Optimal schedule length = 55
2017-08-27 13:09:08 INFO  TaskScheduler:123 - Time = 55
2017-08-27 13:09:08 INFO  AStarAlgorithmParallel:233 - Starting A* search. Parallel threads = 2
2017-08-27 13:09:08 INFO  Metrics:152 - Metrics.setAlgorithmTypeUsed() is invoked. Algorithm  = A*
2017-08-27 13:09:08 INFO  AStarAlgorithmParallel:46 - Found new best schedule. Cost = 111
2017-08-27 13:09:08 INFO  AStarAlgorithmParallel:162 - Start thread. Id = 8
2017-08-27 13:09:08 INFO  AStarAlgorithmParallel:162 - Start thread. Id = 7
2017-08-27 13:09:08 INFO  AStarAlgorithmParallel:46 - Found new best schedule. Cost = 50
2017-08-27 13:09:08 INFO  AStarAlgorithmParallel:240 - Finished A* search. Optimal schedule length = 50
2017-08-27 13:09:08 INFO  TaskScheduler:123 - Time = 50
2017-08-27 13:09:08 INFO  AStarAlgorithmParallel:233 - Starting A* search. Parallel threads = 2
2017-08-27 13:09:08 INFO  Metrics:152 - Metrics.setAlgorithmTypeUsed() is invoked. Algorithm  = A*
2017-08-27 13:09:08 INFO  AStarAlgorithmParallel:46 - Found new best schedule. Cost = 350
2017-08-27 13:09:08 INFO  AStarAlgorithmParallel:162 - Start thread. Id = 9
2017-08-27 13:09:08 INFO  AStarAlgorithmParallel:162 - Start thread. Id = 10
2017-08-27 13:09:08 INFO  AStarAlgorithmParallel:240 - Finished A* search. Optimal schedule length = 350
2017-08-27 13:09:08 INFO  TaskScheduler:123 - Time = 350
2017-08-27 13:09:08 INFO  AStarAlgorithmParallel:233 - Starting A* search. Parallel threads = 2
2017-08-27 13:09:08 INFO  Metrics:152 - Metrics.setAlgorithmTypeUsed() is invoked. Algorithm  = A*
2017-08-27 13:09:08 INFO  AStarAlgorithmParallel:46 - Found new best schedule. Cost = 480
2017-08-27 13:09:09 INFO  AStarAlgorithmParallel:162 - Start thread. Id = 11
2017-08-27 13:09:09 INFO  AStarAlgorithmParallel:162 - Start thread. Id = 12
2017-08-27 13:09:09 INFO  AStarAlgorithmParallel:46 - Found new best schedule. Cost = 420
2017-08-27 13:09:09 INFO  AStarAlgorithmParallel:240 - Finished A* search. Optimal schedule length = 420
2017-08-27 13:09:09 INFO  TaskScheduler:123 - Time = 420
2017-08-27 13:09:09 INFO  AStarAlgorithmParallel:233 - Starting A* search. Parallel threads = 2
2017-08-27 13:09:09 INFO  Metrics:152 - Metrics.setAlgorithmTypeUsed() is invoked. Algorithm  = A*
2017-08-27 13:09:09 INFO  AStarAlgorithmParallel:46 - Found new best schedule. Cost = 48
2017-08-27 13:09:09 INFO  AStarAlgorithmParallel:162 - Start thread. Id = 13
2017-08-27 13:09:09 INFO  AStarAlgorithmParallel:46 - Found new best schedule. Cost = 47
2017-08-27 13:09:09 INFO  AStarAlgorithmParallel:162 - Start thread. Id = 14
2017-08-27 13:09:09 INFO  AStarAlgorithmParallel:240 - Finished A* search. Optimal schedule length = 47
2017-08-27 13:09:09 INFO  TaskScheduler:123 - Time = 47
2017-08-27 13:10:05 INFO  AStarAlgorithmParallel:233 - Starting A* search. Parallel threads = 2
2017-08-27 13:10:05 INFO  Metrics:152 - Metrics.setAlgorithmTypeUsed() is invoked. Algorithm  = A*
2017-08-27 13:10:05 INFO  AStarAlgorithmParallel:46 - Found new best schedule. Cost = 33
2017-08-27 13:10:05 INFO  AStarAlgorithmParallel:162 - Start thread. Id = 1
2017-08-27 13:10:05 INFO  AStarAlgorithmParallel:162 - Start thread. Id = 2
2017-08-27 13:10:05 INFO  AStarAlgorithmParallel:46 - Found new best schedule. Cost = 28
2017-08-27 13:10:05 INFO  AStarAlgorithmParallel:240 - Finished A* search. Optimal schedule length = 28
2017-08-27 13:10:05 INFO  TaskScheduler:123 - Time = 28
2017-08-27 13:10:06 INFO  AStarAlgorithmParallel:233 - Starting A* search. Parallel threads = 2
2017-08-27 13:10:06 INFO  Metrics:152 - Metrics.setAlgorithmTypeUsed() is invoked. Algorithm  = A*
2017-08-27 13:10:06 INFO  AStarAlgorithmParallel:46 - Found new best schedule. Cost = 590
2017-08-27 13:10:06 INFO  AStarAlgorithmParallel:162 - Start thread. Id = 4
2017-08-27 13:10:06 INFO  AStarAlgorithmParallel:162 - Start thread. Id = 3
2017-08-27 13:10:06 INFO  AStarAlgorithmParallel:46 - Found new best schedule. Cost = 581
2017-08-27 13:10:06 INFO  AStarAlgorithmParallel:46 - Found new best schedule. Cost = 581
2017-08-27 13:10:06 INFO  AStarAlgorithmParallel:240 - Finished A* search. Optimal schedule length = 581
2017-08-27 13:10:06 INFO  TaskScheduler:123 - Time = 581
2017-08-27 13:10:06 INFO  AStarAlgorithmParallel:233 - Starting A* search. Parallel threads = 2
2017-08-27 13:10:06 INFO  Metrics:152 - Metrics.setAlgorithmTypeUsed() is invoked. Algorithm  = A*
2017-08-27 13:10:06 INFO  AStarAlgorithmParallel:46 - Found new best schedule. Cost = 55
2017-08-27 13:10:06 INFO  AStarAlgorithmParallel:162 - Start thread. Id = 5
2017-08-27 13:10:06 INFO  AStarAlgorithmParallel:162 - Start thread. Id = 6
2017-08-27 13:10:06 INFO  AStarAlgorithmParallel:240 - Finished A* search. Optimal schedule length = 55
2017-08-27 13:10:06 INFO  TaskScheduler:123 - Time = 55
2017-08-27 13:10:06 INFO  AStarAlgorithmParallel:233 - Starting A* search. Parallel threads = 2
2017-08-27 13:10:06 INFO  Metrics:152 - Metrics.setAlgorithmTypeUsed() is invoked. Algorithm  = A*
2017-08-27 13:10:06 INFO  AStarAlgorithmParallel:46 - Found new best schedule. Cost = 111
2017-08-27 13:10:06 INFO  AStarAlgorithmParallel:162 - Start thread. Id = 7
2017-08-27 13:10:06 INFO  AStarAlgorithmParallel:162 - Start thread. Id = 8
2017-08-27 13:10:06 INFO  AStarAlgorithmParallel:46 - Found new best schedule. Cost = 50
2017-08-27 13:10:06 INFO  AStarAlgorithmParallel:240 - Finished A* search. Optimal schedule length = 50
2017-08-27 13:10:06 INFO  TaskScheduler:123 - Time = 50
2017-08-27 13:10:06 INFO  AStarAlgorithmParallel:233 - Starting A* search. Parallel threads = 2
2017-08-27 13:10:06 INFO  Metrics:152 - Metrics.setAlgorithmTypeUsed() is invoked. Algorithm  = A*
2017-08-27 13:10:06 INFO  AStarAlgorithmParallel:46 - Found new best schedule. Cost = 350
2017-08-27 13:10:06 INFO  AStarAlgorithmParallel:162 - Start thread. Id = 10
2017-08-27 13:10:06 INFO  AStarAlgorithmParallel:162 - Start thread. Id = 9
2017-08-27 13:10:06 INFO  AStarAlgorithmParallel:240 - Finished A* search. Optimal schedule length = 350
2017-08-27 13:10:06 INFO  TaskScheduler:123 - Time = 350
2017-08-27 13:10:06 INFO  AStarAlgorithmParallel:233 - Starting A* search. Parallel threads = 2
2017-08-27 13:10:06 INFO  Metrics:152 - Metrics.setAlgorithmTypeUsed() is invoked. Algorithm  = A*
2017-08-27 13:10:06 INFO  AStarAlgorithmParallel:46 - Found new best schedule. Cost = 480
2017-08-27 13:10:06 INFO  AStarAlgorithmParallel:162 - Start thread. Id = 11
2017-08-27 13:10:06 INFO  AStarAlgorithmParallel:162 - Start thread. Id = 12
2017-08-27 13:10:07 INFO  AStarAlgorithmParallel:46 - Found new best schedule. Cost = 420
2017-08-27 13:10:07 INFO  AStarAlgorithmParallel:240 - Finished A* search. Optimal schedule length = 420
2017-08-27 13:10:07 INFO  TaskScheduler:123 - Time = 420
2017-08-27 13:10:07 INFO  AStarAlgorithmParallel:233 - Starting A* search. Parallel threads = 2
2017-08-27 13:10:07 INFO  Metrics:152 - Metrics.setAlgorithmTypeUsed() is invoked. Algorithm  = A*
2017-08-27 13:10:07 INFO  AStarAlgorithmParallel:46 - Found new best schedule. Cost = 96
2017-08-27 13:10:07 INFO  AStarAlgorithmParallel:162 - Start thread. Id = 13
2017-08-27 13:10:07 INFO  AStarAlgorithmParallel:162 - Start thread. Id = 14
2017-08-27 13:10:07 INFO  AStarAlgorithmParallel:46 - Found new best schedule. Cost = 94
2017-08-27 13:10:07 INFO  AStarAlgorithmParallel:46 - Found new best schedule. Cost = 94
2017-08-27 13:10:07 INFO  AStarAlgorithmParallel:240 - Finished A* search. Optimal schedule length = 94
2017-08-27 13:10:07 INFO  TaskScheduler:123 - Time = 94
2017-08-27 13:15:59 INFO  AStarAlgorithmParallel:233 - Starting A* search. Parallel threads = 2
2017-08-27 13:15:59 INFO  Metrics:152 - Metrics.setAlgorithmTypeUsed() is invoked. Algorithm  = A*
2017-08-27 13:15:59 INFO  AStarAlgorithmParallel:46 - Found new best schedule. Cost = 33
2017-08-27 13:15:59 INFO  AStarAlgorithmParallel:162 - Start thread. Id = 1
2017-08-27 13:15:59 INFO  AStarAlgorithmParallel:162 - Start thread. Id = 2
2017-08-27 13:15:59 INFO  AStarAlgorithmParallel:46 - Found new best schedule. Cost = 28
2017-08-27 13:15:59 INFO  AStarAlgorithmParallel:240 - Finished A* search. Optimal schedule length = 28
2017-08-27 13:15:59 INFO  TaskScheduler:123 - Time = 28
2017-08-27 13:16:00 INFO  AStarAlgorithmParallel:233 - Starting A* search. Parallel threads = 2
2017-08-27 13:16:00 INFO  Metrics:152 - Metrics.setAlgorithmTypeUsed() is invoked. Algorithm  = A*
2017-08-27 13:16:00 INFO  AStarAlgorithmParallel:46 - Found new best schedule. Cost = 590
2017-08-27 13:16:00 INFO  AStarAlgorithmParallel:162 - Start thread. Id = 3
2017-08-27 13:16:00 INFO  AStarAlgorithmParallel:162 - Start thread. Id = 4
2017-08-27 13:16:00 INFO  AStarAlgorithmParallel:46 - Found new best schedule. Cost = 581
2017-08-27 13:16:00 INFO  AStarAlgorithmParallel:46 - Found new best schedule. Cost = 581
2017-08-27 13:16:00 INFO  AStarAlgorithmParallel:240 - Finished A* search. Optimal schedule length = 581
2017-08-27 13:16:00 INFO  TaskScheduler:123 - Time = 581
2017-08-27 13:16:00 INFO  AStarAlgorithmParallel:233 - Starting A* search. Parallel threads = 2
2017-08-27 13:16:00 INFO  Metrics:152 - Metrics.setAlgorithmTypeUsed() is invoked. Algorithm  = A*
2017-08-27 13:16:00 INFO  AStarAlgorithmParallel:46 - Found new best schedule. Cost = 55
2017-08-27 13:16:00 INFO  AStarAlgorithmParallel:162 - Start thread. Id = 5
2017-08-27 13:16:00 INFO  AStarAlgorithmParallel:162 - Start thread. Id = 6
2017-08-27 13:16:00 INFO  AStarAlgorithmParallel:240 - Finished A* search. Optimal schedule length = 55
2017-08-27 13:16:00 INFO  TaskScheduler:123 - Time = 55
2017-08-27 13:16:00 INFO  AStarAlgorithmParallel:233 - Starting A* search. Parallel threads = 2
2017-08-27 13:16:00 INFO  Metrics:152 - Metrics.setAlgorithmTypeUsed() is invoked. Algorithm  = A*
2017-08-27 13:16:00 INFO  AStarAlgorithmParallel:46 - Found new best schedule. Cost = 111
2017-08-27 13:16:00 INFO  AStarAlgorithmParallel:162 - Start thread. Id = 8
2017-08-27 13:16:00 INFO  AStarAlgorithmParallel:162 - Start thread. Id = 7
2017-08-27 13:16:00 INFO  AStarAlgorithmParallel:46 - Found new best schedule. Cost = 50
2017-08-27 13:16:00 INFO  AStarAlgorithmParallel:240 - Finished A* search. Optimal schedule length = 50
2017-08-27 13:16:00 INFO  TaskScheduler:123 - Time = 50
2017-08-27 13:16:00 INFO  AStarAlgorithmParallel:233 - Starting A* search. Parallel threads = 2
2017-08-27 13:16:00 INFO  Metrics:152 - Metrics.setAlgorithmTypeUsed() is invoked. Algorithm  = A*
2017-08-27 13:16:00 INFO  AStarAlgorithmParallel:46 - Found new best schedule. Cost = 350
2017-08-27 13:16:00 INFO  AStarAlgorithmParallel:162 - Start thread. Id = 9
2017-08-27 13:16:00 INFO  AStarAlgorithmParallel:162 - Start thread. Id = 10
2017-08-27 13:16:00 INFO  AStarAlgorithmParallel:240 - Finished A* search. Optimal schedule length = 350
2017-08-27 13:16:00 INFO  TaskScheduler:123 - Time = 350
2017-08-27 13:16:00 INFO  AStarAlgorithmParallel:233 - Starting A* search. Parallel threads = 2
2017-08-27 13:16:00 INFO  Metrics:152 - Metrics.setAlgorithmTypeUsed() is invoked. Algorithm  = A*
2017-08-27 13:16:00 INFO  AStarAlgorithmParallel:46 - Found new best schedule. Cost = 480
2017-08-27 13:16:00 INFO  AStarAlgorithmParallel:162 - Start thread. Id = 11
2017-08-27 13:16:00 INFO  AStarAlgorithmParallel:162 - Start thread. Id = 12
2017-08-27 13:16:00 INFO  AStarAlgorithmParallel:46 - Found new best schedule. Cost = 420
2017-08-27 13:16:00 INFO  AStarAlgorithmParallel:46 - Found new best schedule. Cost = 420
2017-08-27 13:16:00 INFO  AStarAlgorithmParallel:240 - Finished A* search. Optimal schedule length = 420
2017-08-27 13:16:00 INFO  TaskScheduler:123 - Time = 420
2017-08-27 13:16:00 INFO  AStarAlgorithmParallel:233 - Starting A* search. Parallel threads = 2
2017-08-27 13:16:00 INFO  Metrics:152 - Metrics.setAlgorithmTypeUsed() is invoked. Algorithm  = A*
2017-08-27 13:16:00 INFO  AStarAlgorithmParallel:46 - Found new best schedule. Cost = 293
2017-08-27 13:16:01 INFO  AStarAlgorithmParallel:162 - Start thread. Id = 13
2017-08-27 13:16:01 INFO  AStarAlgorithmParallel:162 - Start thread. Id = 14
2017-08-27 13:16:01 INFO  AStarAlgorithmParallel:46 - Found new best schedule. Cost = 292
2017-08-27 13:16:01 INFO  AStarAlgorithmParallel:240 - Finished A* search. Optimal schedule length = 292
2017-08-27 13:16:01 INFO  TaskScheduler:123 - Time = 292
2017-08-27 13:18:10 INFO  AStarAlgorithmParallel:233 - Starting A* search. Parallel threads = 2
2017-08-27 13:18:10 INFO  Metrics:152 - Metrics.setAlgorithmTypeUsed() is invoked. Algorithm  = A*
2017-08-27 13:18:10 INFO  AStarAlgorithmParallel:46 - Found new best schedule. Cost = 33
2017-08-27 13:18:10 INFO  AStarAlgorithmParallel:162 - Start thread. Id = 1
2017-08-27 13:18:10 INFO  AStarAlgorithmParallel:162 - Start thread. Id = 2
2017-08-27 13:18:10 INFO  AStarAlgorithmParallel:46 - Found new best schedule. Cost = 28
2017-08-27 13:18:10 INFO  AStarAlgorithmParallel:240 - Finished A* search. Optimal schedule length = 28
2017-08-27 13:18:10 INFO  TaskScheduler:123 - Time = 28
2017-08-27 13:18:10 INFO  AStarAlgorithmParallel:233 - Starting A* search. Parallel threads = 2
2017-08-27 13:18:10 INFO  Metrics:152 - Metrics.setAlgorithmTypeUsed() is invoked. Algorithm  = A*
2017-08-27 13:18:10 INFO  AStarAlgorithmParallel:46 - Found new best schedule. Cost = 590
2017-08-27 13:18:10 INFO  AStarAlgorithmParallel:162 - Start thread. Id = 3
2017-08-27 13:18:10 INFO  AStarAlgorithmParallel:162 - Start thread. Id = 4
2017-08-27 13:18:10 INFO  AStarAlgorithmParallel:46 - Found new best schedule. Cost = 581
2017-08-27 13:18:10 INFO  AStarAlgorithmParallel:46 - Found new best schedule. Cost = 581
2017-08-27 13:18:10 INFO  AStarAlgorithmParallel:240 - Finished A* search. Optimal schedule length = 581
2017-08-27 13:18:10 INFO  TaskScheduler:123 - Time = 581
2017-08-27 13:18:10 INFO  AStarAlgorithmParallel:233 - Starting A* search. Parallel threads = 2
2017-08-27 13:18:10 INFO  Metrics:152 - Metrics.setAlgorithmTypeUsed() is invoked. Algorithm  = A*
2017-08-27 13:18:10 INFO  AStarAlgorithmParallel:46 - Found new best schedule. Cost = 55
2017-08-27 13:18:10 INFO  AStarAlgorithmParallel:162 - Start thread. Id = 5
2017-08-27 13:18:10 INFO  AStarAlgorithmParallel:162 - Start thread. Id = 6
2017-08-27 13:18:10 INFO  AStarAlgorithmParallel:240 - Finished A* search. Optimal schedule length = 55
2017-08-27 13:18:10 INFO  TaskScheduler:123 - Time = 55
2017-08-27 13:18:10 INFO  AStarAlgorithmParallel:233 - Starting A* search. Parallel threads = 2
2017-08-27 13:18:10 INFO  Metrics:152 - Metrics.setAlgorithmTypeUsed() is invoked. Algorithm  = A*
2017-08-27 13:18:10 INFO  AStarAlgorithmParallel:46 - Found new best schedule. Cost = 111
2017-08-27 13:18:10 INFO  AStarAlgorithmParallel:162 - Start thread. Id = 7
2017-08-27 13:18:10 INFO  AStarAlgorithmParallel:162 - Start thread. Id = 8
2017-08-27 13:18:10 INFO  AStarAlgorithmParallel:46 - Found new best schedule. Cost = 50
2017-08-27 13:18:10 INFO  AStarAlgorithmParallel:240 - Finished A* search. Optimal schedule length = 50
2017-08-27 13:18:10 INFO  TaskScheduler:123 - Time = 50
2017-08-27 13:18:10 INFO  AStarAlgorithmParallel:233 - Starting A* search. Parallel threads = 2
2017-08-27 13:18:10 INFO  Metrics:152 - Metrics.setAlgorithmTypeUsed() is invoked. Algorithm  = A*
2017-08-27 13:18:10 INFO  AStarAlgorithmParallel:46 - Found new best schedule. Cost = 350
2017-08-27 13:18:10 INFO  AStarAlgorithmParallel:162 - Start thread. Id = 9
2017-08-27 13:18:10 INFO  AStarAlgorithmParallel:162 - Start thread. Id = 10
2017-08-27 13:18:10 INFO  AStarAlgorithmParallel:240 - Finished A* search. Optimal schedule length = 350
2017-08-27 13:18:10 INFO  TaskScheduler:123 - Time = 350
2017-08-27 13:18:10 INFO  AStarAlgorithmParallel:233 - Starting A* search. Parallel threads = 2
2017-08-27 13:18:10 INFO  Metrics:152 - Metrics.setAlgorithmTypeUsed() is invoked. Algorithm  = A*
2017-08-27 13:18:10 INFO  AStarAlgorithmParallel:46 - Found new best schedule. Cost = 480
2017-08-27 13:18:10 INFO  AStarAlgorithmParallel:162 - Start thread. Id = 11
2017-08-27 13:18:10 INFO  AStarAlgorithmParallel:162 - Start thread. Id = 12
2017-08-27 13:18:11 INFO  AStarAlgorithmParallel:46 - Found new best schedule. Cost = 420
2017-08-27 13:18:11 INFO  AStarAlgorithmParallel:240 - Finished A* search. Optimal schedule length = 420
2017-08-27 13:18:11 INFO  TaskScheduler:123 - Time = 420
2017-08-27 13:18:11 INFO  AStarAlgorithmParallel:233 - Starting A* search. Parallel threads = 2
2017-08-27 13:18:11 INFO  Metrics:152 - Metrics.setAlgorithmTypeUsed() is invoked. Algorithm  = A*
2017-08-27 13:18:11 INFO  AStarAlgorithmParallel:46 - Found new best schedule. Cost = 297
2017-08-27 13:18:11 INFO  AStarAlgorithmParallel:162 - Start thread. Id = 13
2017-08-27 13:18:11 INFO  AStarAlgorithmParallel:162 - Start thread. Id = 14
2017-08-27 13:18:11 INFO  AStarAlgorithmParallel:46 - Found new best schedule. Cost = 293
2017-08-27 13:18:11 INFO  AStarAlgorithmParallel:240 - Finished A* search. Optimal schedule length = 293
2017-08-27 13:18:11 INFO  TaskScheduler:123 - Time = 293
2017-08-27 13:19:42 INFO  AStarAlgorithmParallel:233 - Starting A* search. Parallel threads = 2
2017-08-27 13:19:42 INFO  Metrics:152 - Metrics.setAlgorithmTypeUsed() is invoked. Algorithm  = A*
2017-08-27 13:19:42 INFO  AStarAlgorithmParallel:46 - Found new best schedule. Cost = 33
2017-08-27 13:19:42 INFO  AStarAlgorithmParallel:162 - Start thread. Id = 2
2017-08-27 13:19:42 INFO  AStarAlgorithmParallel:162 - Start thread. Id = 1
2017-08-27 13:19:42 INFO  AStarAlgorithmParallel:46 - Found new best schedule. Cost = 28
2017-08-27 13:19:42 INFO  AStarAlgorithmParallel:240 - Finished A* search. Optimal schedule length = 28
2017-08-27 13:19:42 INFO  TaskScheduler:123 - Time = 28
2017-08-27 13:19:43 INFO  AStarAlgorithmParallel:233 - Starting A* search. Parallel threads = 2
2017-08-27 13:19:43 INFO  Metrics:152 - Metrics.setAlgorithmTypeUsed() is invoked. Algorithm  = A*
2017-08-27 13:19:43 INFO  AStarAlgorithmParallel:46 - Found new best schedule. Cost = 590
2017-08-27 13:19:43 INFO  AStarAlgorithmParallel:162 - Start thread. Id = 3
2017-08-27 13:19:43 INFO  AStarAlgorithmParallel:46 - Found new best schedule. Cost = 581
2017-08-27 13:19:43 INFO  AStarAlgorithmParallel:162 - Start thread. Id = 4
2017-08-27 13:19:43 INFO  AStarAlgorithmParallel:240 - Finished A* search. Optimal schedule length = 581
2017-08-27 13:19:43 INFO  TaskScheduler:123 - Time = 581
2017-08-27 13:19:43 INFO  AStarAlgorithmParallel:233 - Starting A* search. Parallel threads = 2
2017-08-27 13:19:43 INFO  Metrics:152 - Metrics.setAlgorithmTypeUsed() is invoked. Algorithm  = A*
2017-08-27 13:19:43 INFO  AStarAlgorithmParallel:46 - Found new best schedule. Cost = 55
2017-08-27 13:19:43 INFO  AStarAlgorithmParallel:162 - Start thread. Id = 5
2017-08-27 13:19:43 INFO  AStarAlgorithmParallel:162 - Start thread. Id = 6
2017-08-27 13:19:43 INFO  AStarAlgorithmParallel:240 - Finished A* search. Optimal schedule length = 55
2017-08-27 13:19:43 INFO  TaskScheduler:123 - Time = 55
2017-08-27 13:19:43 INFO  AStarAlgorithmParallel:233 - Starting A* search. Parallel threads = 2
2017-08-27 13:19:43 INFO  Metrics:152 - Metrics.setAlgorithmTypeUsed() is invoked. Algorithm  = A*
2017-08-27 13:19:43 INFO  AStarAlgorithmParallel:46 - Found new best schedule. Cost = 111
2017-08-27 13:19:43 INFO  AStarAlgorithmParallel:162 - Start thread. Id = 8
2017-08-27 13:19:43 INFO  AStarAlgorithmParallel:162 - Start thread. Id = 7
2017-08-27 13:19:43 INFO  AStarAlgorithmParallel:46 - Found new best schedule. Cost = 50
2017-08-27 13:19:43 INFO  AStarAlgorithmParallel:46 - Found new best schedule. Cost = 50
2017-08-27 13:19:43 INFO  AStarAlgorithmParallel:240 - Finished A* search. Optimal schedule length = 50
2017-08-27 13:19:43 INFO  TaskScheduler:123 - Time = 50
2017-08-27 13:19:43 INFO  AStarAlgorithmParallel:233 - Starting A* search. Parallel threads = 2
2017-08-27 13:19:43 INFO  Metrics:152 - Metrics.setAlgorithmTypeUsed() is invoked. Algorithm  = A*
2017-08-27 13:19:43 INFO  AStarAlgorithmParallel:46 - Found new best schedule. Cost = 350
2017-08-27 13:19:43 INFO  AStarAlgorithmParallel:162 - Start thread. Id = 9
2017-08-27 13:19:43 INFO  AStarAlgorithmParallel:162 - Start thread. Id = 10
2017-08-27 13:19:43 INFO  AStarAlgorithmParallel:240 - Finished A* search. Optimal schedule length = 350
2017-08-27 13:19:43 INFO  TaskScheduler:123 - Time = 350
2017-08-27 13:19:43 INFO  AStarAlgorithmParallel:233 - Starting A* search. Parallel threads = 2
2017-08-27 13:19:43 INFO  Metrics:152 - Metrics.setAlgorithmTypeUsed() is invoked. Algorithm  = A*
2017-08-27 13:19:43 INFO  AStarAlgorithmParallel:46 - Found new best schedule. Cost = 480
2017-08-27 13:19:43 INFO  AStarAlgorithmParallel:162 - Start thread. Id = 11
2017-08-27 13:19:43 INFO  AStarAlgorithmParallel:162 - Start thread. Id = 12
2017-08-27 13:19:43 INFO  AStarAlgorithmParallel:46 - Found new best schedule. Cost = 420
2017-08-27 13:19:43 INFO  AStarAlgorithmParallel:240 - Finished A* search. Optimal schedule length = 420
2017-08-27 13:19:43 INFO  TaskScheduler:123 - Time = 420
2017-08-27 13:19:43 INFO  AStarAlgorithmParallel:233 - Starting A* search. Parallel threads = 2
2017-08-27 13:19:43 INFO  Metrics:152 - Metrics.setAlgorithmTypeUsed() is invoked. Algorithm  = A*
2017-08-27 13:19:43 INFO  AStarAlgorithmParallel:46 - Found new best schedule. Cost = 304
2017-08-27 13:19:43 INFO  AStarAlgorithmParallel:162 - Start thread. Id = 13
2017-08-27 13:19:44 INFO  AStarAlgorithmParallel:162 - Start thread. Id = 14
2017-08-27 13:19:44 INFO  AStarAlgorithmParallel:46 - Found new best schedule. Cost = 293
2017-08-27 13:19:44 INFO  AStarAlgorithmParallel:240 - Finished A* search. Optimal schedule length = 293
2017-08-27 13:19:44 INFO  TaskScheduler:123 - Time = 293
2017-08-27 13:22:21 INFO  AStarAlgorithmParallel:233 - Starting A* search. Parallel threads = 2
2017-08-27 13:22:21 INFO  Metrics:152 - Metrics.setAlgorithmTypeUsed() is invoked. Algorithm  = A*
2017-08-27 13:22:21 INFO  AStarAlgorithmParallel:46 - Found new best schedule. Cost = 33
2017-08-27 13:22:21 INFO  AStarAlgorithmParallel:162 - Start thread. Id = 1
2017-08-27 13:22:21 INFO  AStarAlgorithmParallel:162 - Start thread. Id = 2
2017-08-27 13:22:21 INFO  AStarAlgorithmParallel:46 - Found new best schedule. Cost = 28
2017-08-27 13:22:21 INFO  AStarAlgorithmParallel:240 - Finished A* search. Optimal schedule length = 28
2017-08-27 13:22:21 INFO  TaskScheduler:123 - Time = 28
2017-08-27 13:22:21 INFO  AStarAlgorithmParallel:233 - Starting A* search. Parallel threads = 2
2017-08-27 13:22:21 INFO  Metrics:152 - Metrics.setAlgorithmTypeUsed() is invoked. Algorithm  = A*
2017-08-27 13:22:21 INFO  AStarAlgorithmParallel:46 - Found new best schedule. Cost = 590
2017-08-27 13:22:21 INFO  AStarAlgorithmParallel:162 - Start thread. Id = 3
2017-08-27 13:22:21 INFO  AStarAlgorithmParallel:162 - Start thread. Id = 4
2017-08-27 13:22:21 INFO  AStarAlgorithmParallel:46 - Found new best schedule. Cost = 581
2017-08-27 13:22:21 INFO  AStarAlgorithmParallel:46 - Found new best schedule. Cost = 581
2017-08-27 13:22:21 INFO  AStarAlgorithmParallel:240 - Finished A* search. Optimal schedule length = 581
2017-08-27 13:22:21 INFO  TaskScheduler:123 - Time = 581
2017-08-27 13:22:21 INFO  AStarAlgorithmParallel:233 - Starting A* search. Parallel threads = 2
2017-08-27 13:22:21 INFO  Metrics:152 - Metrics.setAlgorithmTypeUsed() is invoked. Algorithm  = A*
2017-08-27 13:22:21 INFO  AStarAlgorithmParallel:46 - Found new best schedule. Cost = 55
2017-08-27 13:22:21 INFO  AStarAlgorithmParallel:162 - Start thread. Id = 5
2017-08-27 13:22:21 INFO  AStarAlgorithmParallel:162 - Start thread. Id = 6
2017-08-27 13:22:21 INFO  AStarAlgorithmParallel:240 - Finished A* search. Optimal schedule length = 55
2017-08-27 13:22:21 INFO  TaskScheduler:123 - Time = 55
2017-08-27 13:22:21 INFO  AStarAlgorithmParallel:233 - Starting A* search. Parallel threads = 2
2017-08-27 13:22:21 INFO  Metrics:152 - Metrics.setAlgorithmTypeUsed() is invoked. Algorithm  = A*
2017-08-27 13:22:21 INFO  AStarAlgorithmParallel:46 - Found new best schedule. Cost = 111
2017-08-27 13:22:22 INFO  AStarAlgorithmParallel:162 - Start thread. Id = 8
2017-08-27 13:22:22 INFO  AStarAlgorithmParallel:162 - Start thread. Id = 7
2017-08-27 13:22:22 INFO  AStarAlgorithmParallel:46 - Found new best schedule. Cost = 50
2017-08-27 13:22:22 INFO  AStarAlgorithmParallel:240 - Finished A* search. Optimal schedule length = 50
2017-08-27 13:22:22 INFO  TaskScheduler:123 - Time = 50
2017-08-27 13:22:22 INFO  AStarAlgorithmParallel:233 - Starting A* search. Parallel threads = 2
2017-08-27 13:22:22 INFO  Metrics:152 - Metrics.setAlgorithmTypeUsed() is invoked. Algorithm  = A*
2017-08-27 13:22:22 INFO  AStarAlgorithmParallel:46 - Found new best schedule. Cost = 350
2017-08-27 13:22:22 INFO  AStarAlgorithmParallel:162 - Start thread. Id = 9
2017-08-27 13:22:22 INFO  AStarAlgorithmParallel:162 - Start thread. Id = 10
2017-08-27 13:22:22 INFO  AStarAlgorithmParallel:240 - Finished A* search. Optimal schedule length = 350
2017-08-27 13:22:22 INFO  TaskScheduler:123 - Time = 350
2017-08-27 13:22:22 INFO  AStarAlgorithmParallel:233 - Starting A* search. Parallel threads = 2
2017-08-27 13:22:22 INFO  Metrics:152 - Metrics.setAlgorithmTypeUsed() is invoked. Algorithm  = A*
2017-08-27 13:22:22 INFO  AStarAlgorithmParallel:46 - Found new best schedule. Cost = 480
2017-08-27 13:22:22 INFO  AStarAlgorithmParallel:162 - Start thread. Id = 11
2017-08-27 13:22:22 INFO  AStarAlgorithmParallel:162 - Start thread. Id = 12
2017-08-27 13:22:22 INFO  AStarAlgorithmParallel:46 - Found new best schedule. Cost = 420
2017-08-27 13:22:22 INFO  AStarAlgorithmParallel:240 - Finished A* search. Optimal schedule length = 420
2017-08-27 13:22:22 INFO  TaskScheduler:123 - Time = 420
2017-08-27 13:22:22 INFO  AStarAlgorithmParallel:233 - Starting A* search. Parallel threads = 2
2017-08-27 13:22:22 INFO  Metrics:152 - Metrics.setAlgorithmTypeUsed() is invoked. Algorithm  = A*
2017-08-27 13:22:22 INFO  AStarAlgorithmParallel:46 - Found new best schedule. Cost = 299
2017-08-27 13:22:22 INFO  AStarAlgorithmParallel:162 - Start thread. Id = 13
2017-08-27 13:22:22 INFO  AStarAlgorithmParallel:162 - Start thread. Id = 14
2017-08-27 13:22:22 INFO  AStarAlgorithmParallel:46 - Found new best schedule. Cost = 292
2017-08-27 13:22:22 INFO  AStarAlgorithmParallel:46 - Found new best schedule. Cost = 292
2017-08-27 13:22:22 INFO  AStarAlgorithmParallel:240 - Finished A* search. Optimal schedule length = 292
2017-08-27 13:22:22 INFO  TaskScheduler:123 - Time = 292
2017-08-27 13:29:26 INFO  AStarAlgorithmParallel:233 - Starting A* search. Parallel threads = 2
2017-08-27 13:29:26 INFO  Metrics:152 - Metrics.setAlgorithmTypeUsed() is invoked. Algorithm  = A*
2017-08-27 13:29:26 INFO  AStarAlgorithmParallel:46 - Found new best schedule. Cost = 33
2017-08-27 13:29:26 INFO  AStarAlgorithmParallel:162 - Start thread. Id = 2
2017-08-27 13:29:26 INFO  AStarAlgorithmParallel:162 - Start thread. Id = 1
2017-08-27 13:29:26 INFO  AStarAlgorithmParallel:46 - Found new best schedule. Cost = 28
2017-08-27 13:29:26 INFO  AStarAlgorithmParallel:46 - Found new best schedule. Cost = 28
2017-08-27 13:29:26 INFO  AStarAlgorithmParallel:240 - Finished A* search. Optimal schedule length = 28
2017-08-27 13:29:26 INFO  TaskScheduler:123 - Time = 28
2017-08-27 13:29:26 INFO  AStarAlgorithmParallel:233 - Starting A* search. Parallel threads = 2
2017-08-27 13:29:26 INFO  Metrics:152 - Metrics.setAlgorithmTypeUsed() is invoked. Algorithm  = A*
2017-08-27 13:29:26 INFO  AStarAlgorithmParallel:46 - Found new best schedule. Cost = 590
2017-08-27 13:29:26 INFO  AStarAlgorithmParallel:162 - Start thread. Id = 3
2017-08-27 13:29:26 INFO  AStarAlgorithmParallel:46 - Found new best schedule. Cost = 581
2017-08-27 13:29:26 INFO  AStarAlgorithmParallel:162 - Start thread. Id = 4
2017-08-27 13:29:26 INFO  AStarAlgorithmParallel:240 - Finished A* search. Optimal schedule length = 581
2017-08-27 13:29:26 INFO  TaskScheduler:123 - Time = 581
2017-08-27 13:29:26 INFO  AStarAlgorithmParallel:233 - Starting A* search. Parallel threads = 2
2017-08-27 13:29:26 INFO  Metrics:152 - Metrics.setAlgorithmTypeUsed() is invoked. Algorithm  = A*
2017-08-27 13:29:26 INFO  AStarAlgorithmParallel:46 - Found new best schedule. Cost = 55
2017-08-27 13:29:26 INFO  AStarAlgorithmParallel:162 - Start thread. Id = 5
2017-08-27 13:29:26 INFO  AStarAlgorithmParallel:162 - Start thread. Id = 6
2017-08-27 13:29:26 INFO  AStarAlgorithmParallel:240 - Finished A* search. Optimal schedule length = 55
2017-08-27 13:29:26 INFO  TaskScheduler:123 - Time = 55
2017-08-27 13:29:26 INFO  AStarAlgorithmParallel:233 - Starting A* search. Parallel threads = 2
2017-08-27 13:29:26 INFO  Metrics:152 - Metrics.setAlgorithmTypeUsed() is invoked. Algorithm  = A*
2017-08-27 13:29:26 INFO  AStarAlgorithmParallel:46 - Found new best schedule. Cost = 111
2017-08-27 13:29:27 INFO  AStarAlgorithmParallel:162 - Start thread. Id = 7
2017-08-27 13:29:27 INFO  AStarAlgorithmParallel:162 - Start thread. Id = 8
2017-08-27 13:29:27 INFO  AStarAlgorithmParallel:46 - Found new best schedule. Cost = 50
2017-08-27 13:29:27 INFO  AStarAlgorithmParallel:240 - Finished A* search. Optimal schedule length = 50
2017-08-27 13:29:27 INFO  TaskScheduler:123 - Time = 50
2017-08-27 13:29:27 INFO  AStarAlgorithmParallel:233 - Starting A* search. Parallel threads = 2
2017-08-27 13:29:27 INFO  Metrics:152 - Metrics.setAlgorithmTypeUsed() is invoked. Algorithm  = A*
2017-08-27 13:29:27 INFO  AStarAlgorithmParallel:46 - Found new best schedule. Cost = 350
2017-08-27 13:29:27 INFO  AStarAlgorithmParallel:162 - Start thread. Id = 10
2017-08-27 13:29:27 INFO  AStarAlgorithmParallel:162 - Start thread. Id = 9
2017-08-27 13:29:27 INFO  AStarAlgorithmParallel:240 - Finished A* search. Optimal schedule length = 350
2017-08-27 13:29:27 INFO  TaskScheduler:123 - Time = 350
2017-08-27 13:29:27 INFO  AStarAlgorithmParallel:233 - Starting A* search. Parallel threads = 2
2017-08-27 13:29:27 INFO  Metrics:152 - Metrics.setAlgorithmTypeUsed() is invoked. Algorithm  = A*
2017-08-27 13:29:27 INFO  AStarAlgorithmParallel:46 - Found new best schedule. Cost = 480
2017-08-27 13:29:27 INFO  AStarAlgorithmParallel:162 - Start thread. Id = 11
2017-08-27 13:29:27 INFO  AStarAlgorithmParallel:162 - Start thread. Id = 12
2017-08-27 13:29:27 INFO  AStarAlgorithmParallel:46 - Found new best schedule. Cost = 420
2017-08-27 13:29:27 INFO  AStarAlgorithmParallel:240 - Finished A* search. Optimal schedule length = 420
2017-08-27 13:29:27 INFO  TaskScheduler:123 - Time = 420
2017-08-27 13:29:27 WARN  DigraphParser:78 - Unable to parse line: 25 -> 26 -> 78	 [Weight=8];
2017-08-27 13:29:27 WARN  DigraphParser:78 - Unable to parse line: 40 -> 93	 [Weight=9];
2017-08-27 13:29:27 INFO  AStarAlgorithmParallel:233 - Starting A* search. Parallel threads = 2
2017-08-27 13:29:27 INFO  Metrics:152 - Metrics.setAlgorithmTypeUsed() is invoked. Algorithm  = A*
2017-08-27 13:29:27 INFO  AStarAlgorithmParallel:46 - Found new best schedule. Cost = 293
2017-08-27 13:29:27 INFO  AStarAlgorithmParallel:162 - Start thread. Id = 13
2017-08-27 13:29:27 INFO  AStarAlgorithmParallel:162 - Start thread. Id = 14
2017-08-27 13:29:27 INFO  AStarAlgorithmParallel:240 - Finished A* search. Optimal schedule length = 293
2017-08-27 13:29:27 INFO  TaskScheduler:123 - Time = 293
2017-08-27 13:31:34 INFO  AStarAlgorithmParallel:233 - Starting A* search. Parallel threads = 4
2017-08-27 13:31:34 INFO  Metrics:152 - Metrics.setAlgorithmTypeUsed() is invoked. Algorithm  = A*
2017-08-27 13:31:34 INFO  AStarAlgorithmParallel:46 - Found new best schedule. Cost = 33
2017-08-27 13:31:34 INFO  AStarAlgorithmParallel:162 - Start thread. Id = 1
2017-08-27 13:31:34 INFO  AStarAlgorithmParallel:162 - Start thread. Id = 2
2017-08-27 13:31:34 INFO  AStarAlgorithmParallel:162 - Start thread. Id = 3
2017-08-27 13:31:34 INFO  AStarAlgorithmParallel:162 - Start thread. Id = 4
2017-08-27 13:31:34 INFO  AStarAlgorithmParallel:46 - Found new best schedule. Cost = 28
2017-08-27 13:31:34 INFO  AStarAlgorithmParallel:46 - Found new best schedule. Cost = 28
2017-08-27 13:31:34 INFO  AStarAlgorithmParallel:240 - Finished A* search. Optimal schedule length = 28
2017-08-27 13:31:34 INFO  TaskScheduler:123 - Time = 28
2017-08-27 13:31:34 INFO  AStarAlgorithmParallel:233 - Starting A* search. Parallel threads = 4
2017-08-27 13:31:34 INFO  Metrics:152 - Metrics.setAlgorithmTypeUsed() is invoked. Algorithm  = A*
2017-08-27 13:31:34 INFO  AStarAlgorithmParallel:46 - Found new best schedule. Cost = 590
2017-08-27 13:31:34 INFO  AStarAlgorithmParallel:162 - Start thread. Id = 5
2017-08-27 13:31:34 INFO  AStarAlgorithmParallel:46 - Found new best schedule. Cost = 581
2017-08-27 13:31:34 INFO  AStarAlgorithmParallel:162 - Start thread. Id = 7
2017-08-27 13:31:34 INFO  AStarAlgorithmParallel:162 - Start thread. Id = 6
2017-08-27 13:31:34 INFO  AStarAlgorithmParallel:162 - Start thread. Id = 8
2017-08-27 13:31:34 INFO  AStarAlgorithmParallel:240 - Finished A* search. Optimal schedule length = 581
2017-08-27 13:31:34 INFO  TaskScheduler:123 - Time = 581
2017-08-27 13:31:34 INFO  AStarAlgorithmParallel:233 - Starting A* search. Parallel threads = 4
2017-08-27 13:31:34 INFO  Metrics:152 - Metrics.setAlgorithmTypeUsed() is invoked. Algorithm  = A*
2017-08-27 13:31:34 INFO  AStarAlgorithmParallel:46 - Found new best schedule. Cost = 55
2017-08-27 13:31:34 INFO  AStarAlgorithmParallel:162 - Start thread. Id = 9
2017-08-27 13:31:34 INFO  AStarAlgorithmParallel:162 - Start thread. Id = 11
2017-08-27 13:31:34 INFO  AStarAlgorithmParallel:162 - Start thread. Id = 10
2017-08-27 13:31:34 INFO  AStarAlgorithmParallel:162 - Start thread. Id = 12
2017-08-27 13:31:34 INFO  AStarAlgorithmParallel:240 - Finished A* search. Optimal schedule length = 55
2017-08-27 13:31:34 INFO  TaskScheduler:123 - Time = 55
2017-08-27 13:31:34 INFO  AStarAlgorithmParallel:233 - Starting A* search. Parallel threads = 4
2017-08-27 13:31:34 INFO  Metrics:152 - Metrics.setAlgorithmTypeUsed() is invoked. Algorithm  = A*
2017-08-27 13:31:34 INFO  AStarAlgorithmParallel:46 - Found new best schedule. Cost = 111
2017-08-27 13:31:34 INFO  AStarAlgorithmParallel:162 - Start thread. Id = 13
2017-08-27 13:31:34 INFO  AStarAlgorithmParallel:162 - Start thread. Id = 14
2017-08-27 13:31:34 INFO  AStarAlgorithmParallel:162 - Start thread. Id = 15
2017-08-27 13:31:34 INFO  AStarAlgorithmParallel:162 - Start thread. Id = 16
2017-08-27 13:31:34 INFO  AStarAlgorithmParallel:46 - Found new best schedule. Cost = 50
2017-08-27 13:31:35 INFO  AStarAlgorithmParallel:240 - Finished A* search. Optimal schedule length = 50
2017-08-27 13:31:35 INFO  TaskScheduler:123 - Time = 50
2017-08-27 13:31:35 INFO  AStarAlgorithmParallel:233 - Starting A* search. Parallel threads = 4
2017-08-27 13:31:35 INFO  Metrics:152 - Metrics.setAlgorithmTypeUsed() is invoked. Algorithm  = A*
2017-08-27 13:31:35 INFO  AStarAlgorithmParallel:46 - Found new best schedule. Cost = 350
2017-08-27 13:31:35 INFO  AStarAlgorithmParallel:162 - Start thread. Id = 17
2017-08-27 13:31:35 INFO  AStarAlgorithmParallel:162 - Start thread. Id = 20
2017-08-27 13:31:35 INFO  AStarAlgorithmParallel:162 - Start thread. Id = 19
2017-08-27 13:31:35 INFO  AStarAlgorithmParallel:162 - Start thread. Id = 18
2017-08-27 13:31:35 INFO  AStarAlgorithmParallel:240 - Finished A* search. Optimal schedule length = 350
2017-08-27 13:31:35 INFO  TaskScheduler:123 - Time = 350
2017-08-27 13:31:35 INFO  AStarAlgorithmParallel:233 - Starting A* search. Parallel threads = 4
2017-08-27 13:31:35 INFO  Metrics:152 - Metrics.setAlgorithmTypeUsed() is invoked. Algorithm  = A*
2017-08-27 13:31:35 INFO  AStarAlgorithmParallel:46 - Found new best schedule. Cost = 480
2017-08-27 13:31:35 INFO  AStarAlgorithmParallel:162 - Start thread. Id = 21
2017-08-27 13:31:35 INFO  AStarAlgorithmParallel:162 - Start thread. Id = 24
2017-08-27 13:31:35 INFO  AStarAlgorithmParallel:162 - Start thread. Id = 23
2017-08-27 13:31:35 INFO  AStarAlgorithmParallel:162 - Start thread. Id = 22
2017-08-27 13:31:35 INFO  AStarAlgorithmParallel:46 - Found new best schedule. Cost = 420
2017-08-27 13:31:35 INFO  AStarAlgorithmParallel:46 - Found new best schedule. Cost = 420
2017-08-27 13:31:35 INFO  AStarAlgorithmParallel:240 - Finished A* search. Optimal schedule length = 420
2017-08-27 13:31:35 INFO  TaskScheduler:123 - Time = 420
2017-08-27 13:31:35 WARN  DigraphParser:78 - Unable to parse line: 25 -> 26 -> 78	 [Weight=8];
2017-08-27 13:31:35 WARN  DigraphParser:78 - Unable to parse line: 40 -> 93	 [Weight=9];
2017-08-27 13:31:35 INFO  AStarAlgorithmParallel:233 - Starting A* search. Parallel threads = 4
2017-08-27 13:31:35 INFO  Metrics:152 - Metrics.setAlgorithmTypeUsed() is invoked. Algorithm  = A*
2017-08-27 13:31:35 INFO  AStarAlgorithmParallel:46 - Found new best schedule. Cost = 293
2017-08-27 13:31:35 INFO  AStarAlgorithmParallel:162 - Start thread. Id = 28
2017-08-27 13:31:35 INFO  AStarAlgorithmParallel:162 - Start thread. Id = 27
2017-08-27 13:31:35 INFO  AStarAlgorithmParallel:162 - Start thread. Id = 26
2017-08-27 13:31:35 INFO  AStarAlgorithmParallel:162 - Start thread. Id = 25
2017-08-27 13:31:35 INFO  AStarAlgorithmParallel:240 - Finished A* search. Optimal schedule length = 293
2017-08-27 13:31:35 INFO  TaskScheduler:123 - Time = 293
2017-08-27 13:33:36 INFO  AStarAlgorithmParallel:233 - Starting A* search. Parallel threads = 1
2017-08-27 13:33:36 INFO  Metrics:152 - Metrics.setAlgorithmTypeUsed() is invoked. Algorithm  = A*
2017-08-27 13:33:36 INFO  AStarAlgorithmParallel:46 - Found new best schedule. Cost = 33
2017-08-27 13:33:37 INFO  AStarAlgorithmParallel:162 - Start thread. Id = 1
2017-08-27 13:33:37 INFO  AStarAlgorithmParallel:46 - Found new best schedule. Cost = 28
2017-08-27 13:33:37 INFO  AStarAlgorithmParallel:240 - Finished A* search. Optimal schedule length = 28
2017-08-27 13:33:37 INFO  TaskScheduler:123 - Time = 28
2017-08-27 13:33:37 INFO  AStarAlgorithmParallel:233 - Starting A* search. Parallel threads = 1
2017-08-27 13:33:37 INFO  Metrics:152 - Metrics.setAlgorithmTypeUsed() is invoked. Algorithm  = A*
2017-08-27 13:33:37 INFO  AStarAlgorithmParallel:46 - Found new best schedule. Cost = 590
2017-08-27 13:33:37 INFO  AStarAlgorithmParallel:162 - Start thread. Id = 2
2017-08-27 13:33:37 INFO  AStarAlgorithmParallel:46 - Found new best schedule. Cost = 581
2017-08-27 13:33:37 INFO  AStarAlgorithmParallel:240 - Finished A* search. Optimal schedule length = 581
2017-08-27 13:33:37 INFO  TaskScheduler:123 - Time = 581
2017-08-27 13:33:37 INFO  AStarAlgorithmParallel:233 - Starting A* search. Parallel threads = 1
2017-08-27 13:33:37 INFO  Metrics:152 - Metrics.setAlgorithmTypeUsed() is invoked. Algorithm  = A*
2017-08-27 13:33:37 INFO  AStarAlgorithmParallel:46 - Found new best schedule. Cost = 55
2017-08-27 13:33:37 INFO  AStarAlgorithmParallel:162 - Start thread. Id = 3
2017-08-27 13:33:37 INFO  AStarAlgorithmParallel:240 - Finished A* search. Optimal schedule length = 55
2017-08-27 13:33:37 INFO  TaskScheduler:123 - Time = 55
2017-08-27 13:33:37 INFO  AStarAlgorithmParallel:233 - Starting A* search. Parallel threads = 1
2017-08-27 13:33:37 INFO  Metrics:152 - Metrics.setAlgorithmTypeUsed() is invoked. Algorithm  = A*
2017-08-27 13:33:37 INFO  AStarAlgorithmParallel:46 - Found new best schedule. Cost = 111
2017-08-27 13:33:37 INFO  AStarAlgorithmParallel:162 - Start thread. Id = 4
2017-08-27 13:33:37 INFO  AStarAlgorithmParallel:46 - Found new best schedule. Cost = 50
2017-08-27 13:33:37 INFO  AStarAlgorithmParallel:240 - Finished A* search. Optimal schedule length = 50
2017-08-27 13:33:37 INFO  TaskScheduler:123 - Time = 50
2017-08-27 13:33:37 INFO  AStarAlgorithmParallel:233 - Starting A* search. Parallel threads = 1
2017-08-27 13:33:37 INFO  Metrics:152 - Metrics.setAlgorithmTypeUsed() is invoked. Algorithm  = A*
2017-08-27 13:33:37 INFO  AStarAlgorithmParallel:46 - Found new best schedule. Cost = 350
2017-08-27 13:33:37 INFO  AStarAlgorithmParallel:162 - Start thread. Id = 5
2017-08-27 13:33:37 INFO  AStarAlgorithmParallel:240 - Finished A* search. Optimal schedule length = 350
2017-08-27 13:33:37 INFO  TaskScheduler:123 - Time = 350
2017-08-27 13:33:37 INFO  AStarAlgorithmParallel:233 - Starting A* search. Parallel threads = 1
2017-08-27 13:33:37 INFO  Metrics:152 - Metrics.setAlgorithmTypeUsed() is invoked. Algorithm  = A*
2017-08-27 13:33:37 INFO  AStarAlgorithmParallel:46 - Found new best schedule. Cost = 480
2017-08-27 13:33:38 INFO  AStarAlgorithmParallel:162 - Start thread. Id = 6
2017-08-27 13:33:38 INFO  AStarAlgorithmParallel:46 - Found new best schedule. Cost = 420
2017-08-27 13:33:38 INFO  AStarAlgorithmParallel:240 - Finished A* search. Optimal schedule length = 420
2017-08-27 13:33:38 INFO  TaskScheduler:123 - Time = 420
2017-08-27 13:33:38 WARN  DigraphParser:78 - Unable to parse line: 25 -> 26 -> 78	 [Weight=8];
2017-08-27 13:33:38 WARN  DigraphParser:78 - Unable to parse line: 40 -> 93	 [Weight=9];
2017-08-27 13:33:38 INFO  AStarAlgorithmParallel:233 - Starting A* search. Parallel threads = 1
2017-08-27 13:33:38 INFO  Metrics:152 - Metrics.setAlgorithmTypeUsed() is invoked. Algorithm  = A*
2017-08-27 13:33:38 INFO  AStarAlgorithmParallel:46 - Found new best schedule. Cost = 293
2017-08-27 13:33:38 INFO  AStarAlgorithmParallel:162 - Start thread. Id = 7
2017-08-27 13:33:38 INFO  AStarAlgorithmParallel:240 - Finished A* search. Optimal schedule length = 293
2017-08-27 13:33:38 INFO  TaskScheduler:123 - Time = 293
2017-08-27 13:33:50 INFO  AStarAlgorithmParallel:233 - Starting A* search. Parallel threads = 2
2017-08-27 13:33:50 INFO  Metrics:152 - Metrics.setAlgorithmTypeUsed() is invoked. Algorithm  = A*
2017-08-27 13:33:50 INFO  AStarAlgorithmParallel:46 - Found new best schedule. Cost = 33
2017-08-27 13:33:50 INFO  AStarAlgorithmParallel:162 - Start thread. Id = 1
2017-08-27 13:33:50 INFO  AStarAlgorithmParallel:162 - Start thread. Id = 2
2017-08-27 13:33:50 INFO  AStarAlgorithmParallel:46 - Found new best schedule. Cost = 22
2017-08-27 13:33:50 INFO  AStarAlgorithmParallel:46 - Found new best schedule. Cost = 22
2017-08-27 13:33:50 INFO  AStarAlgorithmParallel:240 - Finished A* search. Optimal schedule length = 22
2017-08-27 13:33:50 INFO  TaskScheduler:123 - Time = 22
2017-08-27 13:33:50 INFO  AStarAlgorithmParallel:233 - Starting A* search. Parallel threads = 2
2017-08-27 13:33:50 INFO  Metrics:152 - Metrics.setAlgorithmTypeUsed() is invoked. Algorithm  = A*
2017-08-27 13:33:50 INFO  AStarAlgorithmParallel:46 - Found new best schedule. Cost = 590
2017-08-27 13:33:50 INFO  AStarAlgorithmParallel:162 - Start thread. Id = 4
2017-08-27 13:33:50 INFO  AStarAlgorithmParallel:162 - Start thread. Id = 3
2017-08-27 13:33:50 INFO  AStarAlgorithmParallel:46 - Found new best schedule. Cost = 581
2017-08-27 13:33:50 INFO  AStarAlgorithmParallel:46 - Found new best schedule. Cost = 581
2017-08-27 13:33:50 INFO  AStarAlgorithmParallel:240 - Finished A* search. Optimal schedule length = 581
2017-08-27 13:33:50 INFO  TaskScheduler:123 - Time = 581
2017-08-27 13:33:50 INFO  AStarAlgorithmParallel:233 - Starting A* search. Parallel threads = 2
2017-08-27 13:33:50 INFO  Metrics:152 - Metrics.setAlgorithmTypeUsed() is invoked. Algorithm  = A*
2017-08-27 13:33:50 INFO  AStarAlgorithmParallel:46 - Found new best schedule. Cost = 55
2017-08-27 13:33:50 INFO  AStarAlgorithmParallel:162 - Start thread. Id = 5
2017-08-27 13:33:50 INFO  AStarAlgorithmParallel:162 - Start thread. Id = 6
2017-08-27 13:33:50 INFO  AStarAlgorithmParallel:240 - Finished A* search. Optimal schedule length = 55
2017-08-27 13:33:50 INFO  TaskScheduler:123 - Time = 55
2017-08-27 13:33:51 INFO  AStarAlgorithmParallel:233 - Starting A* search. Parallel threads = 2
2017-08-27 13:33:51 INFO  Metrics:152 - Metrics.setAlgorithmTypeUsed() is invoked. Algorithm  = A*
2017-08-27 13:33:51 INFO  AStarAlgorithmParallel:46 - Found new best schedule. Cost = 111
2017-08-27 13:33:51 INFO  AStarAlgorithmParallel:162 - Start thread. Id = 7
2017-08-27 13:33:51 INFO  AStarAlgorithmParallel:162 - Start thread. Id = 8
2017-08-27 13:33:51 INFO  AStarAlgorithmParallel:46 - Found new best schedule. Cost = 50
2017-08-27 13:33:51 INFO  AStarAlgorithmParallel:240 - Finished A* search. Optimal schedule length = 50
2017-08-27 13:33:51 INFO  TaskScheduler:123 - Time = 50
2017-08-27 13:33:51 INFO  AStarAlgorithmParallel:233 - Starting A* search. Parallel threads = 2
2017-08-27 13:33:51 INFO  Metrics:152 - Metrics.setAlgorithmTypeUsed() is invoked. Algorithm  = A*
2017-08-27 13:33:51 INFO  AStarAlgorithmParallel:46 - Found new best schedule. Cost = 247
2017-08-27 13:33:51 INFO  AStarAlgorithmParallel:162 - Start thread. Id = 9
2017-08-27 13:33:51 INFO  AStarAlgorithmParallel:162 - Start thread. Id = 10
2017-08-27 13:33:51 INFO  AStarAlgorithmParallel:46 - Found new best schedule. Cost = 227
2017-08-27 13:33:51 INFO  AStarAlgorithmParallel:240 - Finished A* search. Optimal schedule length = 227
2017-08-27 13:33:51 INFO  TaskScheduler:123 - Time = 227
2017-08-27 13:33:51 INFO  AStarAlgorithmParallel:233 - Starting A* search. Parallel threads = 2
2017-08-27 13:33:51 INFO  Metrics:152 - Metrics.setAlgorithmTypeUsed() is invoked. Algorithm  = A*
2017-08-27 13:33:51 INFO  AStarAlgorithmParallel:46 - Found new best schedule. Cost = 390
2017-08-27 13:33:51 INFO  AStarAlgorithmParallel:162 - Start thread. Id = 11
2017-08-27 13:33:51 INFO  AStarAlgorithmParallel:162 - Start thread. Id = 12
2017-08-27 13:47:09 INFO  AStarAlgorithmParallel:233 - Starting A* search. Parallel threads = 2
2017-08-27 13:47:09 INFO  Metrics:152 - Metrics.setAlgorithmTypeUsed() is invoked. Algorithm  = A*
2017-08-27 13:47:09 INFO  AStarAlgorithmParallel:46 - Found new best schedule. Cost = 33
2017-08-27 13:47:09 INFO  AStarAlgorithmParallel:162 - Start thread. Id = 2
2017-08-27 13:47:09 INFO  AStarAlgorithmParallel:162 - Start thread. Id = 1
2017-08-27 13:47:09 INFO  AStarAlgorithmParallel:46 - Found new best schedule. Cost = 28
2017-08-27 13:47:09 INFO  AStarAlgorithmParallel:240 - Finished A* search. Optimal schedule length = 28
2017-08-27 13:47:09 INFO  TaskScheduler:123 - Time = 28
2017-08-27 13:47:09 INFO  AStarAlgorithmParallel:233 - Starting A* search. Parallel threads = 2
2017-08-27 13:47:09 INFO  Metrics:152 - Metrics.setAlgorithmTypeUsed() is invoked. Algorithm  = A*
2017-08-27 13:47:09 INFO  AStarAlgorithmParallel:46 - Found new best schedule. Cost = 590
2017-08-27 13:47:09 INFO  AStarAlgorithmParallel:162 - Start thread. Id = 3
2017-08-27 13:47:09 INFO  AStarAlgorithmParallel:162 - Start thread. Id = 4
2017-08-27 13:47:09 INFO  AStarAlgorithmParallel:46 - Found new best schedule. Cost = 581
2017-08-27 13:47:09 INFO  AStarAlgorithmParallel:46 - Found new best schedule. Cost = 581
2017-08-27 13:47:09 INFO  AStarAlgorithmParallel:240 - Finished A* search. Optimal schedule length = 581
2017-08-27 13:47:09 INFO  TaskScheduler:123 - Time = 581
2017-08-27 13:47:09 INFO  AStarAlgorithmParallel:233 - Starting A* search. Parallel threads = 2
2017-08-27 13:47:09 INFO  Metrics:152 - Metrics.setAlgorithmTypeUsed() is invoked. Algorithm  = A*
2017-08-27 13:47:09 INFO  AStarAlgorithmParallel:46 - Found new best schedule. Cost = 55
2017-08-27 13:47:09 INFO  AStarAlgorithmParallel:162 - Start thread. Id = 5
2017-08-27 13:47:09 INFO  AStarAlgorithmParallel:162 - Start thread. Id = 6
2017-08-27 13:47:09 INFO  AStarAlgorithmParallel:240 - Finished A* search. Optimal schedule length = 55
2017-08-27 13:47:09 INFO  TaskScheduler:123 - Time = 55
2017-08-27 13:47:09 INFO  AStarAlgorithmParallel:233 - Starting A* search. Parallel threads = 2
2017-08-27 13:47:09 INFO  Metrics:152 - Metrics.setAlgorithmTypeUsed() is invoked. Algorithm  = A*
2017-08-27 13:47:09 INFO  AStarAlgorithmParallel:46 - Found new best schedule. Cost = 111
2017-08-27 13:47:10 INFO  AStarAlgorithmParallel:162 - Start thread. Id = 7
2017-08-27 13:47:10 INFO  AStarAlgorithmParallel:162 - Start thread. Id = 8
2017-08-27 13:47:10 INFO  AStarAlgorithmParallel:46 - Found new best schedule. Cost = 50
2017-08-27 13:47:10 INFO  AStarAlgorithmParallel:240 - Finished A* search. Optimal schedule length = 50
2017-08-27 13:47:10 INFO  TaskScheduler:123 - Time = 50
2017-08-27 13:47:10 INFO  AStarAlgorithmParallel:233 - Starting A* search. Parallel threads = 2
2017-08-27 13:47:10 INFO  Metrics:152 - Metrics.setAlgorithmTypeUsed() is invoked. Algorithm  = A*
2017-08-27 13:47:10 INFO  AStarAlgorithmParallel:46 - Found new best schedule. Cost = 350
2017-08-27 13:47:10 INFO  AStarAlgorithmParallel:162 - Start thread. Id = 9
2017-08-27 13:47:10 INFO  AStarAlgorithmParallel:162 - Start thread. Id = 10
2017-08-27 13:47:10 INFO  AStarAlgorithmParallel:240 - Finished A* search. Optimal schedule length = 350
2017-08-27 13:47:10 INFO  TaskScheduler:123 - Time = 350
2017-08-27 13:47:10 INFO  AStarAlgorithmParallel:233 - Starting A* search. Parallel threads = 2
2017-08-27 13:47:10 INFO  Metrics:152 - Metrics.setAlgorithmTypeUsed() is invoked. Algorithm  = A*
2017-08-27 13:47:10 INFO  AStarAlgorithmParallel:46 - Found new best schedule. Cost = 480
2017-08-27 13:47:10 INFO  AStarAlgorithmParallel:162 - Start thread. Id = 12
2017-08-27 13:47:10 INFO  AStarAlgorithmParallel:162 - Start thread. Id = 11
2017-08-27 13:47:10 INFO  AStarAlgorithmParallel:46 - Found new best schedule. Cost = 420
2017-08-27 13:47:10 INFO  AStarAlgorithmParallel:240 - Finished A* search. Optimal schedule length = 420
2017-08-27 13:47:10 INFO  TaskScheduler:123 - Time = 420
2017-08-27 13:47:10 WARN  DigraphParser:78 - Unable to parse line: 25 -> 26 -> 78	 [Weight=8];
2017-08-27 13:47:10 WARN  DigraphParser:78 - Unable to parse line: 40 -> 93	 [Weight=9];
2017-08-27 13:47:10 INFO  AStarAlgorithmParallel:233 - Starting A* search. Parallel threads = 2
2017-08-27 13:47:10 INFO  Metrics:152 - Metrics.setAlgorithmTypeUsed() is invoked. Algorithm  = A*
2017-08-27 13:47:10 INFO  AStarAlgorithmParallel:46 - Found new best schedule. Cost = 293
2017-08-27 13:47:10 INFO  AStarAlgorithmParallel:162 - Start thread. Id = 13
2017-08-27 13:47:10 INFO  AStarAlgorithmParallel:162 - Start thread. Id = 14
2017-08-27 13:47:10 INFO  AStarAlgorithmParallel:240 - Finished A* search. Optimal schedule length = 293
2017-08-27 13:47:10 INFO  TaskScheduler:123 - Time = 293
